<?xml version="1.0" encoding="UTF-8"?>
<!-- Generated by org.testng.reporters.JUnitReportReporter -->
<testsuite hostname="DESKTOP-LP0ER4S" failures="0" tests="1" name="com.adactin.testcases.SelectHotelPageTest" time="10.915" errors="0" timestamp="31 May 2025 07:13:01 GMT" skipped="0">
  <testcase classname="com.adactin.testcases.SelectHotelPageTest" name="verifyTotalPriceTest" time="10.915"/>
</testsuite> <!-- com.adactin.testcases.SelectHotelPageTest -->
