<?xml version="1.0" encoding="UTF-8"?>
<!-- Generated by org.testng.reporters.JUnitReportReporter -->
<testsuite hostname="DESKTOP-LP0ER4S" failures="0" tests="7" name="com.adactin.testcases.SearchHotelPageTest" time="49.271" errors="0" timestamp="30 May 2025 08:02:37 GMT" skipped="0">
  <testcase classname="com.adactin.testcases.SearchHotelPageTest" name="verifyFunctionalityOfSearchHotelPage" time="9.180"/>
  <testcase classname="com.adactin.testcases.SearchHotelPageTest" name="verifyBookedItineraryLink" time="16.245"/>
  <testcase classname="com.adactin.testcases.SearchHotelPageTest" name="verifyDisplayOfSearchHotelPage" time="3.395"/>
  <testcase classname="com.adactin.testcases.SearchHotelPageTest" name="verifyListOffieldDislayedTestdataTest" time="3.446"/>
  <testcase classname="com.adactin.testcases.SearchHotelPageTest" name="verifyLogoutLink" time="5.215"/>
  <testcase classname="com.adactin.testcases.SearchHotelPageTest" name="verifySearchHotelPageTitle" time="5.624"/>
  <testcase classname="com.adactin.testcases.SearchHotelPageTest" name="verifyChangePasswordLink" time="6.166"/>
</testsuite> <!-- com.adactin.testcases.SearchHotelPageTest -->
