<?xml version="1.0" encoding="UTF-8"?>
<!-- Generated by org.testng.reporters.JUnitReportReporter -->
<testsuite hostname="DESKTOP-LP0ER4S" failures="0" tests="7" name="com.adactin.testcases.SearchHotelPageTest" time="70.420" errors="0" timestamp="12 Jun 2025 14:42:44 GMT" skipped="0">
  <testcase classname="com.adactin.testcases.SearchHotelPageTest" name="verifyDisplayOfSearchHotelPage" time="5.265"/>
  <testcase classname="com.adactin.testcases.SearchHotelPageTest" name="verifyListOffieldDislayedTestdataTest" time="5.127"/>
  <testcase classname="com.adactin.testcases.SearchHotelPageTest" name="verifyBookedItineraryLink" time="24.610"/>
  <testcase classname="com.adactin.testcases.SearchHotelPageTest" name="verifyChangePasswordLink" time="8.102"/>
  <testcase classname="com.adactin.testcases.SearchHotelPageTest" name="verifyLogoutLink" time="7.497"/>
  <testcase classname="com.adactin.testcases.SearchHotelPageTest" name="verifySearchHotelPageTitle" time="6.806"/>
  <testcase classname="com.adactin.testcases.SearchHotelPageTest" name="verifyFunctionalityOfSearchHotelPage" time="13.013"/>
</testsuite> <!-- com.adactin.testcases.SearchHotelPageTest -->
