<?xml version="1.0" encoding="UTF-8"?>
<!-- Generated by org.testng.reporters.JUnitReportReporter -->
<testsuite hostname="DESKTOP-LP0ER4S" failures="0" tests="2" name="com.adactin.testcases.BookAHotelPageTest" time="56.868" errors="0" timestamp="30 May 2025 08:02:37 GMT" skipped="0">
  <testcase classname="com.adactin.testcases.BookAHotelPageTest" name="verifyBookAHotelDetails" time="35.017"/>
  <testcase classname="com.adactin.testcases.BookAHotelPageTest" name="verifyTitle" time="21.851"/>
</testsuite> <!-- com.adactin.testcases.BookAHotelPageTest -->
