<?xml version="1.0" encoding="UTF-8"?>
<!-- Generated by org.testng.reporters.JUnitReportReporter -->
<testsuite hostname="DESKTOP-LP0ER4S" failures="0" tests="1" name="com.adactin.testcases.BookingConfirmationPageTest" time="48.091" errors="0" timestamp="12 Jun 2025 14:42:44 GMT" skipped="0">
  <testcase classname="com.adactin.testcases.BookingConfirmationPageTest" name="verifyverifyBookingConfirmationPageTest" time="48.091"/>
</testsuite> <!-- com.adactin.testcases.BookingConfirmationPageTest -->
