<?xml version="1.0" encoding="UTF-8"?>
<!-- Generated by org.testng.reporters.JUnitReportReporter -->
<testsuite hostname="DESKTOP-LP0ER4S" failures="0" tests="1" name="com.adactin.testcases.BookedItineraryPageTest" time="17.846" errors="0" timestamp="30 May 2025 08:02:37 GMT" skipped="0">
  <testcase classname="com.adactin.testcases.BookedItineraryPageTest" name="verifySearchHotel" time="17.846"/>
</testsuite> <!-- com.adactin.testcases.BookedItineraryPageTest -->
