<?xml version="1.0" encoding="UTF-8"?>
<!-- Generated by org.testng.reporters.JUnitReportReporter -->
<testsuite hostname="DESKTOP-LP0ER4S" failures="0" tests="1" name="com.adactin.testcases.BookingConfirmationPageTest" time="47.086" errors="0" timestamp="02 Jun 2025 06:40:20 GMT" skipped="0">
  <testcase classname="com.adactin.testcases.BookingConfirmationPageTest" name="verifyverifyBookingConfirmationPageTest" time="47.086"/>
</testsuite> <!-- com.adactin.testcases.BookingConfirmationPageTest -->
