<?xml version="1.0" encoding="UTF-8"?>
<!-- Generated by org.testng.reporters.JUnitReportReporter -->
<testsuite hostname="DESKTOP-LP0ER4S" failures="0" tests="3" name="com.adactin.testcases.SelectHotelPageTest" time="48.911" errors="0" timestamp="12 Jun 2025 14:42:44 GMT" skipped="0">
  <testcase classname="com.adactin.testcases.SelectHotelPageTest" name="verifyTotalPriceTest" time="11.716"/>
  <testcase classname="com.adactin.testcases.SelectHotelPageTest" name="verifySelectHotelDetails" time="23.843"/>
  <testcase classname="com.adactin.testcases.SelectHotelPageTest" name="verifyTitle" time="13.352"/>
</testsuite> <!-- com.adactin.testcases.SelectHotelPageTest -->
