<?xml version="1.0" encoding="UTF-8"?>
<!-- Generated by org.testng.reporters.JUnitReportReporter -->
<testsuite hostname="DESKTOP-LP0ER4S" failures="0" tests="1" name="com.adactin.testcases.BookedItineraryPageTest" time="22.443" errors="0" timestamp="12 Jun 2025 14:42:44 GMT" skipped="0">
  <testcase classname="com.adactin.testcases.BookedItineraryPageTest" name="verifySearchHotel" time="22.443"/>
</testsuite> <!-- com.adactin.testcases.BookedItineraryPageTest -->
