<?xml version="1.0" encoding="UTF-8"?>
<!-- Generated by org.testng.reporters.JUnitReportReporter -->
<testsuite hostname="DESKTOP-LP0ER4S" failures="0" tests="2" name="com.adactin.testcases.BookAHotelPageTest" time="62.899" errors="0" timestamp="12 Jun 2025 14:42:44 GMT" skipped="0">
  <testcase classname="com.adactin.testcases.BookAHotelPageTest" name="verifyBookAHotelDetails" time="37.365"/>
  <testcase classname="com.adactin.testcases.BookAHotelPageTest" name="verifyTitle" time="25.534"/>
</testsuite> <!-- com.adactin.testcases.BookAHotelPageTest -->
